<?xml version="1.0" encoding="UTF-8"?>
<testng-results ignored="0" total="1" passed="1" failed="0" skipped="0">
  <reporter-output>
  </reporter-output>
  <suite started-at="2024-06-05T14:38:30 AEST" name="Default suite" finished-at="2024-06-05T14:38:37 AEST" duration-ms="7694">
    <groups>
    </groups>
    <test started-at="2024-06-05T14:38:30 AEST" name="Default test" finished-at="2024-06-05T14:38:37 AEST" duration-ms="7694">
      <class name="com.google.test.googleSearch">
        <test-method is-config="true" signature="setUp()[pri:0, instance:com.google.test.googleSearch@35d019a3]" started-at="2024-06-05T14:38:30 AEST" name="setUp" finished-at="2024-06-05T14:38:33 AEST" duration-ms="3592" status="PASS">
          <reporter-output>
          </reporter-output>
        </test-method> <!-- setUp -->
        <test-method signature="searchvalue()[pri:0, instance:com.google.test.googleSearch@35d019a3]" started-at="2024-06-05T14:38:33 AEST" name="searchvalue" finished-at="2024-06-05T14:38:37 AEST" duration-ms="3723" status="PASS">
          <reporter-output>
          </reporter-output>
        </test-method> <!-- searchvalue -->
        <test-method is-config="true" signature="tearDown()[pri:0, instance:com.google.test.googleSearch@35d019a3]" started-at="2024-06-05T14:38:37 AEST" name="tearDown" finished-at="2024-06-05T14:38:37 AEST" duration-ms="336" status="PASS">
          <reporter-output>
          </reporter-output>
        </test-method> <!-- tearDown -->
      </class> <!-- com.google.test.googleSearch -->
    </test> <!-- Default test -->
  </suite> <!-- Default suite -->
</testng-results>
